<?xml version="1.0" encoding="UTF-8"?>
<testng-results skipped="0" failed="0" ignored="0" total="10" passed="10">
  <reporter-output>
    <line>
      <![CDATA[<div "result">REQRES API with Delete Operation (PASSED : 1s)</div>]]>
    </line>
    <line>
      <![CDATA[<div "result">user sends a DELETE request (PASSED : 3s)</div>]]>
    </line>
    <line>
      <![CDATA[<div "result">the response code received is 204 (PASSED : 0s)</div>]]>
    </line>
    <line>
      <![CDATA[<div "result">Open Weather API (PASSED : 0s)</div>]]>
    </line>
    <line>
      <![CDATA[<div "result">User retrieves city weather using city 2172797 (PASSED : 1s)</div>]]>
    </line>
    <line>
      <![CDATA[<div "result">response contains weather of city Cairns (PASSED : 0s)</div>]]>
    </line>
    <line>
      <![CDATA[<div "result">response code equals 200 (PASSED : 0s)</div>]]>
    </line>
    <line>
      <![CDATA[<div "result">Open Weather API (PASSED : 0s)</div>]]>
    </line>
    <line>
      <![CDATA[<div "result">User retrieves city weather using city 1275339 (PASSED : 0s)</div>]]>
    </line>
    <line>
      <![CDATA[<div "result">response contains weather of city Mumbai (PASSED : 0s)</div>]]>
    </line>
    <line>
      <![CDATA[<div "result">response code equals 200 (PASSED : 0s)</div>]]>
    </line>
    <line>
      <![CDATA[<div "result">Open Weather API (PASSED : 0s)</div>]]>
    </line>
    <line>
      <![CDATA[<div "result">User retrieves city weather using city 2643743 (PASSED : 0s)</div>]]>
    </line>
    <line>
      <![CDATA[<div "result">response contains weather of city London (PASSED : 0s)</div>]]>
    </line>
    <line>
      <![CDATA[<div "result">response code equals 200 (PASSED : 0s)</div>]]>
    </line>
    <line>
      <![CDATA[<div "result">Open Weather API (PASSED : 0s)</div>]]>
    </line>
    <line>
      <![CDATA[<div "result">User retrieves city weather using city 5128638 (PASSED : 0s)</div>]]>
    </line>
    <line>
      <![CDATA[<div "result">response contains weather of city New York (PASSED : 0s)</div>]]>
    </line>
    <line>
      <![CDATA[<div "result">response code equals 200 (PASSED : 0s)</div>]]>
    </line>
    <line>
      <![CDATA[<div "result">User accesses Open Weather API (PASSED : 0s)</div>]]>
    </line>
    <line>
      <![CDATA[<div "result">User retrieves city weather using 400604 and IN (PASSED : 0s)</div>]]>
    </line>
    <line>
      <![CDATA[<div "result">response code is 200 (PASSED : 0s)</div>]]>
    </line>
    <line>
      <![CDATA[<div "result">response contains city weather information (PASSED : 0s)</div>]]>
    </line>
    <line>
      <![CDATA[<div "result">User accesses Open Weather API (PASSED : 0s)</div>]]>
    </line>
    <line>
      <![CDATA[<div "result">User retrieves city weather using SN1 and GB (PASSED : 0s)</div>]]>
    </line>
    <line>
      <![CDATA[<div "result">response code is 200 (PASSED : 0s)</div>]]>
    </line>
    <line>
      <![CDATA[<div "result">response contains city weather information (PASSED : 0s)</div>]]>
    </line>
    <line>
      <![CDATA[<div "result">List of users in Page 2 (PASSED : 0s)</div>]]>
    </line>
    <line>
      <![CDATA[<div "result">user requests user list via GET request (PASSED : 0s)</div>]]>
    </line>
    <line>
      <![CDATA[<div "result">site should provide response code 200 (PASSED : 0s)</div>]]>
    </line>
    <line>
      <![CDATA[<div "result">response from Page should contain the following user details (PASSED : 0s)</div>]]>
    </line>
    <line>
      <![CDATA[<div "result">POST API on Reqres (PASSED : 0s)</div>]]>
    </line>
    <line>
      <![CDATA[<div "result">user posts morpheus and leader details to users API (PASSED : 0s)</div>]]>
    </line>
    <line>
      <![CDATA[<div "result">status code in response is 201 (PASSED : 0s)</div>]]>
    </line>
    <line>
      <![CDATA[<div "result">response contains the same user details (PASSED : 0s)</div>]]>
    </line>
    <line>
      <![CDATA[<div "result">Update User API on Reqres (PASSED : 0s)</div>]]>
    </line>
    <line>
      <![CDATA[<div "result">user sends updated user details to reqres users API (PASSED : 0s)</div>]]>
    </line>
    <line>
      <![CDATA[<div "result">the status code in response is 200 (PASSED : 0s)</div>]]>
    </line>
    <line>
      <![CDATA[<div "result">response contains the updated user details (PASSED : 0s)</div>]]>
    </line>
  </reporter-output>
  <suite name="runner.TestRunner" duration-ms="12523" started-at="2021-02-17T02:50:44Z" finished-at="2021-02-17T02:50:56Z">
    <groups>
      <group name="cucumber">
        <method signature="AbstractTestNGCucumberTests.runScenario(cucumber.api.testng.PickleEventWrapper, cucumber.api.testng.CucumberFeatureWrapper)[pri:0, instance:runner.TestRunner@7921b0a2]" name="runScenario" class="cucumber.api.testng.AbstractTestNGCucumberTests"/>
      </group> <!-- cucumber -->
    </groups>
    <test name="Command line test" duration-ms="12523" started-at="2021-02-17T02:50:44Z" finished-at="2021-02-17T02:50:56Z">
      <class name="runner.TestRunner">
        <test-method status="PASS" signature="setUpClass()[pri:0, instance:runner.TestRunner@7921b0a2]" name="setUpClass" is-config="true" duration-ms="445" started-at="2021-02-17T08:20:44Z" finished-at="2021-02-17T08:20:44Z">
          <reporter-output>
          </reporter-output>
        </test-method> <!-- setUpClass -->
        <test-method status="PASS" signature="runScenario(cucumber.api.testng.PickleEventWrapper, cucumber.api.testng.CucumberFeatureWrapper)[pri:0, instance:runner.TestRunner@7921b0a2]" name="runScenario" duration-ms="5055" started-at="2021-02-17T08:20:44Z" description="Runs Cucumber Scenarios" data-provider="scenarios" finished-at="2021-02-17T08:20:49Z">
          <params>
            <param index="0">
              <value>
                <![CDATA["User performs Delete Operation"]]>
              </value>
            </param>
            <param index="1">
              <value>
                <![CDATA["Enable Delete operation on REQRES API"]]>
              </value>
            </param>
          </params>
          <reporter-output>
            <line>
              <![CDATA[<div "result">REQRES API with Delete Operation (PASSED : 1s)</div>]]>
            </line>
            <line>
              <![CDATA[<div "result">user sends a DELETE request (PASSED : 3s)</div>]]>
            </line>
            <line>
              <![CDATA[<div "result">the response code received is 204 (PASSED : 0s)</div>]]>
            </line>
          </reporter-output>
        </test-method> <!-- runScenario -->
        <test-method status="PASS" signature="runScenario(cucumber.api.testng.PickleEventWrapper, cucumber.api.testng.CucumberFeatureWrapper)[pri:0, instance:runner.TestRunner@7921b0a2]" name="runScenario" duration-ms="2787" started-at="2021-02-17T08:20:49Z" description="Runs Cucumber Scenarios" data-provider="scenarios" finished-at="2021-02-17T08:20:52Z">
          <params>
            <param index="0">
              <value>
                <![CDATA["Get City Weather Data from OpenWeather API using City ID"]]>
              </value>
            </param>
            <param index="1">
              <value>
                <![CDATA["Retrieve City weather data"]]>
              </value>
            </param>
          </params>
          <reporter-output>
            <line>
              <![CDATA[<div "result">Open Weather API (PASSED : 0s)</div>]]>
            </line>
            <line>
              <![CDATA[<div "result">User retrieves city weather using city 2172797 (PASSED : 1s)</div>]]>
            </line>
            <line>
              <![CDATA[<div "result">response contains weather of city Cairns (PASSED : 0s)</div>]]>
            </line>
            <line>
              <![CDATA[<div "result">response code equals 200 (PASSED : 0s)</div>]]>
            </line>
          </reporter-output>
        </test-method> <!-- runScenario -->
        <test-method status="PASS" signature="runScenario(cucumber.api.testng.PickleEventWrapper, cucumber.api.testng.CucumberFeatureWrapper)[pri:0, instance:runner.TestRunner@7921b0a2]" name="runScenario" duration-ms="564" started-at="2021-02-17T08:20:52Z" description="Runs Cucumber Scenarios" data-provider="scenarios" finished-at="2021-02-17T08:20:53Z">
          <params>
            <param index="0">
              <value>
                <![CDATA["Get City Weather Data from OpenWeather API using City ID"]]>
              </value>
            </param>
            <param index="1">
              <value>
                <![CDATA["Retrieve City weather data"]]>
              </value>
            </param>
          </params>
          <reporter-output>
            <line>
              <![CDATA[<div "result">Open Weather API (PASSED : 0s)</div>]]>
            </line>
            <line>
              <![CDATA[<div "result">User retrieves city weather using city 1275339 (PASSED : 0s)</div>]]>
            </line>
            <line>
              <![CDATA[<div "result">response contains weather of city Mumbai (PASSED : 0s)</div>]]>
            </line>
            <line>
              <![CDATA[<div "result">response code equals 200 (PASSED : 0s)</div>]]>
            </line>
          </reporter-output>
        </test-method> <!-- runScenario -->
        <test-method status="PASS" signature="runScenario(cucumber.api.testng.PickleEventWrapper, cucumber.api.testng.CucumberFeatureWrapper)[pri:0, instance:runner.TestRunner@7921b0a2]" name="runScenario" duration-ms="466" started-at="2021-02-17T08:20:53Z" description="Runs Cucumber Scenarios" data-provider="scenarios" finished-at="2021-02-17T08:20:53Z">
          <params>
            <param index="0">
              <value>
                <![CDATA["Get City Weather Data from OpenWeather API using City ID"]]>
              </value>
            </param>
            <param index="1">
              <value>
                <![CDATA["Retrieve City weather data"]]>
              </value>
            </param>
          </params>
          <reporter-output>
            <line>
              <![CDATA[<div "result">Open Weather API (PASSED : 0s)</div>]]>
            </line>
            <line>
              <![CDATA[<div "result">User retrieves city weather using city 2643743 (PASSED : 0s)</div>]]>
            </line>
            <line>
              <![CDATA[<div "result">response contains weather of city London (PASSED : 0s)</div>]]>
            </line>
            <line>
              <![CDATA[<div "result">response code equals 200 (PASSED : 0s)</div>]]>
            </line>
          </reporter-output>
        </test-method> <!-- runScenario -->
        <test-method status="PASS" signature="runScenario(cucumber.api.testng.PickleEventWrapper, cucumber.api.testng.CucumberFeatureWrapper)[pri:0, instance:runner.TestRunner@7921b0a2]" name="runScenario" duration-ms="478" started-at="2021-02-17T08:20:53Z" description="Runs Cucumber Scenarios" data-provider="scenarios" finished-at="2021-02-17T08:20:54Z">
          <params>
            <param index="0">
              <value>
                <![CDATA["Get City Weather Data from OpenWeather API using City ID"]]>
              </value>
            </param>
            <param index="1">
              <value>
                <![CDATA["Retrieve City weather data"]]>
              </value>
            </param>
          </params>
          <reporter-output>
            <line>
              <![CDATA[<div "result">Open Weather API (PASSED : 0s)</div>]]>
            </line>
            <line>
              <![CDATA[<div "result">User retrieves city weather using city 5128638 (PASSED : 0s)</div>]]>
            </line>
            <line>
              <![CDATA[<div "result">response contains weather of city New York (PASSED : 0s)</div>]]>
            </line>
            <line>
              <![CDATA[<div "result">response code equals 200 (PASSED : 0s)</div>]]>
            </line>
          </reporter-output>
        </test-method> <!-- runScenario -->
        <test-method status="PASS" signature="runScenario(cucumber.api.testng.PickleEventWrapper, cucumber.api.testng.CucumberFeatureWrapper)[pri:0, instance:runner.TestRunner@7921b0a2]" name="runScenario" duration-ms="489" started-at="2021-02-17T08:20:54Z" description="Runs Cucumber Scenarios" data-provider="scenarios" finished-at="2021-02-17T08:20:54Z">
          <params>
            <param index="0">
              <value>
                <![CDATA["Retrieve City weather from Open Weather API using Zip and Country Code"]]>
              </value>
            </param>
            <param index="1">
              <value>
                <![CDATA["Enable retrieving City Weather by Zip and Country Code"]]>
              </value>
            </param>
          </params>
          <reporter-output>
            <line>
              <![CDATA[<div "result">User accesses Open Weather API (PASSED : 0s)</div>]]>
            </line>
            <line>
              <![CDATA[<div "result">User retrieves city weather using 400604 and IN (PASSED : 0s)</div>]]>
            </line>
            <line>
              <![CDATA[<div "result">response code is 200 (PASSED : 0s)</div>]]>
            </line>
            <line>
              <![CDATA[<div "result">response contains city weather information (PASSED : 0s)</div>]]>
            </line>
          </reporter-output>
        </test-method> <!-- runScenario -->
        <test-method status="PASS" signature="runScenario(cucumber.api.testng.PickleEventWrapper, cucumber.api.testng.CucumberFeatureWrapper)[pri:0, instance:runner.TestRunner@7921b0a2]" name="runScenario" duration-ms="482" started-at="2021-02-17T08:20:54Z" description="Runs Cucumber Scenarios" data-provider="scenarios" finished-at="2021-02-17T08:20:54Z">
          <params>
            <param index="0">
              <value>
                <![CDATA["Retrieve City weather from Open Weather API using Zip and Country Code"]]>
              </value>
            </param>
            <param index="1">
              <value>
                <![CDATA["Enable retrieving City Weather by Zip and Country Code"]]>
              </value>
            </param>
          </params>
          <reporter-output>
            <line>
              <![CDATA[<div "result">User accesses Open Weather API (PASSED : 0s)</div>]]>
            </line>
            <line>
              <![CDATA[<div "result">User retrieves city weather using SN1 and GB (PASSED : 0s)</div>]]>
            </line>
            <line>
              <![CDATA[<div "result">response code is 200 (PASSED : 0s)</div>]]>
            </line>
            <line>
              <![CDATA[<div "result">response contains city weather information (PASSED : 0s)</div>]]>
            </line>
          </reporter-output>
        </test-method> <!-- runScenario -->
        <test-method status="PASS" signature="runScenario(cucumber.api.testng.PickleEventWrapper, cucumber.api.testng.CucumberFeatureWrapper)[pri:0, instance:runner.TestRunner@7921b0a2]" name="runScenario" duration-ms="604" started-at="2021-02-17T08:20:54Z" description="Runs Cucumber Scenarios" data-provider="scenarios" finished-at="2021-02-17T08:20:55Z">
          <params>
            <param index="0">
              <value>
                <![CDATA["User gets user-list from REQRES"]]>
              </value>
            </param>
            <param index="1">
              <value>
                <![CDATA["Enable GET operation on REQRES API"]]>
              </value>
            </param>
          </params>
          <reporter-output>
            <line>
              <![CDATA[<div "result">List of users in Page 2 (PASSED : 0s)</div>]]>
            </line>
            <line>
              <![CDATA[<div "result">user requests user list via GET request (PASSED : 0s)</div>]]>
            </line>
            <line>
              <![CDATA[<div "result">site should provide response code 200 (PASSED : 0s)</div>]]>
            </line>
            <line>
              <![CDATA[<div "result">response from Page should contain the following user details (PASSED : 0s)</div>]]>
            </line>
          </reporter-output>
        </test-method> <!-- runScenario -->
        <test-method status="PASS" signature="runScenario(cucumber.api.testng.PickleEventWrapper, cucumber.api.testng.CucumberFeatureWrapper)[pri:0, instance:runner.TestRunner@7921b0a2]" name="runScenario" duration-ms="560" started-at="2021-02-17T08:20:55Z" description="Runs Cucumber Scenarios" data-provider="scenarios" finished-at="2021-02-17T08:20:56Z">
          <params>
            <param index="0">
              <value>
                <![CDATA["User account creation Request to REQRES API"]]>
              </value>
            </param>
            <param index="1">
              <value>
                <![CDATA["Enable POST Operation on REQRES API"]]>
              </value>
            </param>
          </params>
          <reporter-output>
            <line>
              <![CDATA[<div "result">POST API on Reqres (PASSED : 0s)</div>]]>
            </line>
            <line>
              <![CDATA[<div "result">user posts morpheus and leader details to users API (PASSED : 0s)</div>]]>
            </line>
            <line>
              <![CDATA[<div "result">status code in response is 201 (PASSED : 0s)</div>]]>
            </line>
            <line>
              <![CDATA[<div "result">response contains the same user details (PASSED : 0s)</div>]]>
            </line>
          </reporter-output>
        </test-method> <!-- runScenario -->
        <test-method status="PASS" signature="runScenario(cucumber.api.testng.PickleEventWrapper, cucumber.api.testng.CucumberFeatureWrapper)[pri:0, instance:runner.TestRunner@7921b0a2]" name="runScenario" duration-ms="499" started-at="2021-02-17T08:20:56Z" description="Runs Cucumber Scenarios" data-provider="scenarios" finished-at="2021-02-17T08:20:56Z">
          <params>
            <param index="0">
              <value>
                <![CDATA["User account update Request to REQRES API"]]>
              </value>
            </param>
            <param index="1">
              <value>
                <![CDATA["Enable PUT Operation on REQRES API"]]>
              </value>
            </param>
          </params>
          <reporter-output>
            <line>
              <![CDATA[<div "result">Update User API on Reqres (PASSED : 0s)</div>]]>
            </line>
            <line>
              <![CDATA[<div "result">user sends updated user details to reqres users API (PASSED : 0s)</div>]]>
            </line>
            <line>
              <![CDATA[<div "result">the status code in response is 200 (PASSED : 0s)</div>]]>
            </line>
            <line>
              <![CDATA[<div "result">response contains the updated user details (PASSED : 0s)</div>]]>
            </line>
          </reporter-output>
        </test-method> <!-- runScenario -->
        <test-method status="PASS" signature="tearDownClass()[pri:0, instance:runner.TestRunner@7921b0a2]" name="tearDownClass" is-config="true" duration-ms="4" started-at="2021-02-17T08:20:56Z" finished-at="2021-02-17T08:20:56Z">
          <reporter-output>
          </reporter-output>
        </test-method> <!-- tearDownClass -->
      </class> <!-- runner.TestRunner -->
    </test> <!-- Command line test -->
  </suite> <!-- runner.TestRunner -->
</testng-results>
